[2017-11-22 05:47:48] local.ERROR: exception 'Symfony\Component\Debug\Exception\FatalErrorException' with message 'Class 'AddGdFirToNgoHir' not found' in C:\xampp\htdocs\repatriation\vendor\laravel\framework\src\Illuminate\Database\Migrations\Migrator.php:324
Stack trace:
#0 {main}  
[2017-11-22 05:48:05] local.ERROR: exception 'Symfony\Component\Debug\Exception\FatalErrorException' with message 'Class 'AddGdFirToNgoHir' not found' in C:\xampp\htdocs\repatriation\vendor\laravel\framework\src\Illuminate\Database\Migrations\Migrator.php:324
Stack trace:
#0 {main}  
[2017-11-22 05:58:38] local.ERROR: exception 'PDOException' with message 'SQLSTATE[42000]: Syntax error or access violation: 1701 Cannot truncate a table referenced in a foreign key constraint (`mcaapp_test`.`litigation_task_task_status`, CONSTRAINT `litigation_task_task_status_task_id_foreign` FOREIGN KEY (`task_id`) REFERENCES `mcaapp_test`.`tasks` (`id`))' in C:\xampp\htdocs\repatriation\vendor\laravel\framework\src\Illuminate\Database\Connection.php:390
Stack trace:
#0 C:\xampp\htdocs\repatriation\vendor\laravel\framework\src\Illuminate\Database\Connection.php(390): PDOStatement->execute(Array)
#1 C:\xampp\htdocs\repatriation\vendor\laravel\framework\src\Illuminate\Database\Connection.php(644): Illuminate\Database\Connection->Illuminate\Database\{closure}(Object(Illuminate\Database\MySqlConnection), 'truncate `tasks...', Array)
#2 C:\xampp\htdocs\repatriation\vendor\laravel\framework\src\Illuminate\Database\Connection.php(611): Illuminate\Database\Connection->runQueryCallback('truncate `tasks...', Array, Object(Closure))
#3 C:\xampp\htdocs\repatriation\vendor\laravel\framework\src\Illuminate\Database\Connection.php(391): Illuminate\Database\Connection->run('truncate `tasks...', Array, Object(Closure))
#4 C:\xampp\htdocs\repatriation\vendor\laravel\framework\src\Illuminate\Database\Query\Builder.php(1907): Illuminate\Database\Connection->statement('truncate `tasks...', Array)
#5 C:\xampp\htdocs\repatriation\database\seeds\TaskTableSeeder.php(14): Illuminate\Database\Query\Builder->truncate()
#6 C:\xampp\htdocs\repatriation\vendor\laravel\framework\src\Illuminate\Database\Seeder.php(42): TaskTableSeeder->run()
#7 C:\xampp\htdocs\repatriation\database\seeds\DatabaseSeeder.php(20): Illuminate\Database\Seeder->call('TaskTableSeeder')
#8 C:\xampp\htdocs\repatriation\vendor\laravel\framework\src\Illuminate\Database\Console\Seeds\SeedCommand.php(61): DatabaseSeeder->run()
#9 [internal function]: Illuminate\Database\Console\Seeds\SeedCommand->fire()
#10 C:\xampp\htdocs\repatriation\vendor\laravel\framework\src\Illuminate\Container\Container.php(507): call_user_func_array(Array, Array)
#11 C:\xampp\htdocs\repatriation\vendor\laravel\framework\src\Illuminate\Console\Command.php(150): Illuminate\Container\Container->call(Array)
#12 C:\xampp\htdocs\repatriation\vendor\symfony\console\Command\Command.php(256): Illuminate\Console\Command->execute(Object(Symfony\Component\Console\Input\ArrayInput), Object(Illuminate\Console\OutputStyle))
#13 C:\xampp\htdocs\repatriation\vendor\laravel\framework\src\Illuminate\Console\Command.php(136): Symfony\Component\Console\Command\Command->run(Object(Symfony\Component\Console\Input\ArrayInput), Object(Illuminate\Console\OutputStyle))
#14 C:\xampp\htdocs\repatriation\vendor\laravel\framework\src\Illuminate\Console\Command.php(166): Illuminate\Console\Command->run(Object(Symfony\Component\Console\Input\ArrayInput), Object(Illuminate\Console\OutputStyle))
#15 C:\xampp\htdocs\repatriation\vendor\laravel\framework\src\Illuminate\Database\Console\Migrations\RefreshCommand.php(86): Illuminate\Console\Command->call('db:seed', Array)
#16 C:\xampp\htdocs\repatriation\vendor\laravel\framework\src\Illuminate\Database\Console\Migrations\RefreshCommand.php(58): Illuminate\Database\Console\Migrations\RefreshCommand->runSeeder(NULL)
#17 [internal function]: Illuminate\Database\Console\Migrations\RefreshCommand->fire()
#18 C:\xampp\htdocs\repatriation\vendor\laravel\framework\src\Illuminate\Container\Container.php(507): call_user_func_array(Array, Array)
#19 C:\xampp\htdocs\repatriation\vendor\laravel\framework\src\Illuminate\Console\Command.php(150): Illuminate\Container\Container->call(Array)
#20 C:\xampp\htdocs\repatriation\vendor\symfony\console\Command\Command.php(256): Illuminate\Console\Command->execute(Object(Symfony\Component\Console\Input\ArgvInput), Object(Symfony\Component\Console\Output\ConsoleOutput))
#21 C:\xampp\htdocs\repatriation\vendor\laravel\framework\src\Illuminate\Console\Command.php(136): Symfony\Component\Console\Command\Command->run(Object(Symfony\Component\Console\Input\ArgvInput), Object(Symfony\Component\Console\Output\ConsoleOutput))
#22 C:\xampp\htdocs\repatriation\vendor\symfony\console\Application.php(841): Illuminate\Console\Command->run(Object(Symfony\Component\Console\Input\ArgvInput), Object(Symfony\Component\Console\Output\ConsoleOutput))
#23 C:\xampp\htdocs\repatriation\vendor\symfony\console\Application.php(189): Symfony\Component\Console\Application->doRunCommand(Object(Illuminate\Database\Console\Migrations\RefreshCommand), Object(Symfony\Component\Console\Input\ArgvInput), Object(Symfony\Component\Console\Output\ConsoleOutput))
#24 C:\xampp\htdocs\repatriation\vendor\symfony\console\Application.php(120): Symfony\Component\Console\Application->doRun(Object(Symfony\Component\Console\Input\ArgvInput), Object(Symfony\Component\Console\Output\ConsoleOutput))
#25 C:\xampp\htdocs\repatriation\vendor\laravel\framework\src\Illuminate\Foundation\Console\Kernel.php(107): Symfony\Component\Console\Application->run(Object(Symfony\Component\Console\Input\ArgvInput), Object(Symfony\Component\Console\Output\ConsoleOutput))
#26 C:\xampp\htdocs\repatriation\artisan(36): Illuminate\Foundation\Console\Kernel->handle(Object(Symfony\Component\Console\Input\ArgvInput), Object(Symfony\Component\Console\Output\ConsoleOutput))
#27 {main}

Next exception 'Illuminate\Database\QueryException' with message 'SQLSTATE[42000]: Syntax error or access violation: 1701 Cannot truncate a table referenced in a foreign key constraint (`mcaapp_test`.`litigation_task_task_status`, CONSTRAINT `litigation_task_task_status_task_id_foreign` FOREIGN KEY (`task_id`) REFERENCES `mcaapp_test`.`tasks` (`id`)) (SQL: truncate `tasks`)' in C:\xampp\htdocs\repatriation\vendor\laravel\framework\src\Illuminate\Database\Connection.php:651
Stack trace:
#0 C:\xampp\htdocs\repatriation\vendor\laravel\framework\src\Illuminate\Database\Connection.php(611): Illuminate\Database\Connection->runQueryCallback('truncate `tasks...', Array, Object(Closure))
#1 C:\xampp\htdocs\repatriation\vendor\laravel\framework\src\Illuminate\Database\Connection.php(391): Illuminate\Database\Connection->run('truncate `tasks...', Array, Object(Closure))
#2 C:\xampp\htdocs\repatriation\vendor\laravel\framework\src\Illuminate\Database\Query\Builder.php(1907): Illuminate\Database\Connection->statement('truncate `tasks...', Array)
#3 C:\xampp\htdocs\repatriation\database\seeds\TaskTableSeeder.php(14): Illuminate\Database\Query\Builder->truncate()
#4 C:\xampp\htdocs\repatriation\vendor\laravel\framework\src\Illuminate\Database\Seeder.php(42): TaskTableSeeder->run()
#5 C:\xampp\htdocs\repatriation\database\seeds\DatabaseSeeder.php(20): Illuminate\Database\Seeder->call('TaskTableSeeder')
#6 C:\xampp\htdocs\repatriation\vendor\laravel\framework\src\Illuminate\Database\Console\Seeds\SeedCommand.php(61): DatabaseSeeder->run()
#7 [internal function]: Illuminate\Database\Console\Seeds\SeedCommand->fire()
#8 C:\xampp\htdocs\repatriation\vendor\laravel\framework\src\Illuminate\Container\Container.php(507): call_user_func_array(Array, Array)
#9 C:\xampp\htdocs\repatriation\vendor\laravel\framework\src\Illuminate\Console\Command.php(150): Illuminate\Container\Container->call(Array)
#10 C:\xampp\htdocs\repatriation\vendor\symfony\console\Command\Command.php(256): Illuminate\Console\Command->execute(Object(Symfony\Component\Console\Input\ArrayInput), Object(Illuminate\Console\OutputStyle))
#11 C:\xampp\htdocs\repatriation\vendor\laravel\framework\src\Illuminate\Console\Command.php(136): Symfony\Component\Console\Command\Command->run(Object(Symfony\Component\Console\Input\ArrayInput), Object(Illuminate\Console\OutputStyle))
#12 C:\xampp\htdocs\repatriation\vendor\laravel\framework\src\Illuminate\Console\Command.php(166): Illuminate\Console\Command->run(Object(Symfony\Component\Console\Input\ArrayInput), Object(Illuminate\Console\OutputStyle))
#13 C:\xampp\htdocs\repatriation\vendor\laravel\framework\src\Illuminate\Database\Console\Migrations\RefreshCommand.php(86): Illuminate\Console\Command->call('db:seed', Array)
#14 C:\xampp\htdocs\repatriation\vendor\laravel\framework\src\Illuminate\Database\Console\Migrations\RefreshCommand.php(58): Illuminate\Database\Console\Migrations\RefreshCommand->runSeeder(NULL)
#15 [internal function]: Illuminate\Database\Console\Migrations\RefreshCommand->fire()
#16 C:\xampp\htdocs\repatriation\vendor\laravel\framework\src\Illuminate\Container\Container.php(507): call_user_func_array(Array, Array)
#17 C:\xampp\htdocs\repatriation\vendor\laravel\framework\src\Illuminate\Console\Command.php(150): Illuminate\Container\Container->call(Array)
#18 C:\xampp\htdocs\repatriation\vendor\symfony\console\Command\Command.php(256): Illuminate\Console\Command->execute(Object(Symfony\Component\Console\Input\ArgvInput), Object(Symfony\Component\Console\Output\ConsoleOutput))
#19 C:\xampp\htdocs\repatriation\vendor\laravel\framework\src\Illuminate\Console\Command.php(136): Symfony\Component\Console\Command\Command->run(Object(Symfony\Component\Console\Input\ArgvInput), Object(Symfony\Component\Console\Output\ConsoleOutput))
#20 C:\xampp\htdocs\repatriation\vendor\symfony\console\Application.php(841): Illuminate\Console\Command->run(Object(Symfony\Component\Console\Input\ArgvInput), Object(Symfony\Component\Console\Output\ConsoleOutput))
#21 C:\xampp\htdocs\repatriation\vendor\symfony\console\Application.php(189): Symfony\Component\Console\Application->doRunCommand(Object(Illuminate\Database\Console\Migrations\RefreshCommand), Object(Symfony\Component\Console\Input\ArgvInput), Object(Symfony\Component\Console\Output\ConsoleOutput))
#22 C:\xampp\htdocs\repatriation\vendor\symfony\console\Application.php(120): Symfony\Component\Console\Application->doRun(Object(Symfony\Component\Console\Input\ArgvInput), Object(Symfony\Component\Console\Output\ConsoleOutput))
#23 C:\xampp\htdocs\repatriation\vendor\laravel\framework\src\Illuminate\Foundation\Console\Kernel.php(107): Symfony\Component\Console\Application->run(Object(Symfony\Component\Console\Input\ArgvInput), Object(Symfony\Component\Console\Output\ConsoleOutput))
#24 C:\xampp\htdocs\repatriation\artisan(36): Illuminate\Foundation\Console\Kernel->handle(Object(Symfony\Component\Console\Input\ArgvInput), Object(Symfony\Component\Console\Output\ConsoleOutput))
#25 {main}  
[2017-11-22 07:35:21] local.ERROR: exception 'Symfony\Component\HttpFoundation\File\Exception\FileException' with message 'The file "Issue list of RIMS v2.docx" exceeds your upload_max_filesize ini directive (limit is 2048 KiB).' in C:\xampp\htdocs\repatriation\vendor\symfony\http-foundation\File\UploadedFile.php:235
Stack trace:
#0 C:\xampp\htdocs\repatriation\app\Attachment.php(80): Symfony\Component\HttpFoundation\File\UploadedFile->move('C:\\xampp\\htdocs...', '5a1528b9e1cbe87...')
#1 C:\xampp\htdocs\repatriation\app\Http\Controllers\FormController.php(168): App\Attachment::prepareAttachment(Object(Symfony\Component\HttpFoundation\File\UploadedFile), 999, '190')
#2 [internal function]: App\Http\Controllers\FormController->saveCaseForm(Object(App\Http\Requests\FormRequest), '20')
#3 C:\xampp\htdocs\repatriation\vendor\laravel\framework\src\Illuminate\Routing\Controller.php(256): call_user_func_array(Array, Array)
#4 C:\xampp\htdocs\repatriation\vendor\laravel\framework\src\Illuminate\Routing\ControllerDispatcher.php(164): Illuminate\Routing\Controller->callAction('saveCaseForm', Array)
#5 C:\xampp\htdocs\repatriation\vendor\laravel\framework\src\Illuminate\Routing\ControllerDispatcher.php(112): Illuminate\Routing\ControllerDispatcher->call(Object(App\Http\Controllers\FormController), Object(Illuminate\Routing\Route), 'saveCaseForm')
#6 [internal function]: Illuminate\Routing\ControllerDispatcher->Illuminate\Routing\{closure}(Object(Illuminate\Http\Request))
#7 C:\xampp\htdocs\repatriation\vendor\laravel\framework\src\Illuminate\Pipeline\Pipeline.php(139): call_user_func(Object(Closure), Object(Illuminate\Http\Request))
#8 C:\xampp\htdocs\repatriation\app\Http\Middleware\DepriveWatcher.php(49): Illuminate\Pipeline\Pipeline->Illuminate\Pipeline\{closure}(Object(Illuminate\Http\Request))
#9 [internal function]: App\Http\Middleware\DepriveWatcher->handle(Object(Illuminate\Http\Request), Object(Closure))
#10 C:\xampp\htdocs\repatriation\vendor\laravel\framework\src\Illuminate\Pipeline\Pipeline.php(124): call_user_func_array(Array, Array)
#11 [internal function]: Illuminate\Pipeline\Pipeline->Illuminate\Pipeline\{closure}(Object(Illuminate\Http\Request))
#12 C:\xampp\htdocs\repatriation\vendor\laravel\framework\src\Illuminate\Pipeline\Pipeline.php(103): call_user_func(Object(Closure), Object(Illuminate\Http\Request))
#13 C:\xampp\htdocs\repatriation\vendor\laravel\framework\src\Illuminate\Routing\ControllerDispatcher.php(114): Illuminate\Pipeline\Pipeline->then(Object(Closure))
#14 C:\xampp\htdocs\repatriation\vendor\laravel\framework\src\Illuminate\Routing\ControllerDispatcher.php(69): Illuminate\Routing\ControllerDispatcher->callWithinStack(Object(App\Http\Controllers\FormController), Object(Illuminate\Routing\Route), Object(Illuminate\Http\Request), 'saveCaseForm')
#15 C:\xampp\htdocs\repatriation\vendor\laravel\framework\src\Illuminate\Routing\Route.php(203): Illuminate\Routing\ControllerDispatcher->dispatch(Object(Illuminate\Routing\Route), Object(Illuminate\Http\Request), 'App\\Http\\Contro...', 'saveCaseForm')
#16 C:\xampp\htdocs\repatriation\vendor\laravel\framework\src\Illuminate\Routing\Route.php(134): Illuminate\Routing\Route->runWithCustomDispatcher(Object(Illuminate\Http\Request))
#17 C:\xampp\htdocs\repatriation\vendor\laravel\framework\src\Illuminate\Routing\Router.php(708): Illuminate\Routing\Route->run(Object(Illuminate\Http\Request))
#18 [internal function]: Illuminate\Routing\Router->Illuminate\Routing\{closure}(Object(Illuminate\Http\Request))
#19 C:\xampp\htdocs\repatriation\vendor\laravel\framework\src\Illuminate\Pipeline\Pipeline.php(139): call_user_func(Object(Closure), Object(Illuminate\Http\Request))
#20 [internal function]: Illuminate\Pipeline\Pipeline->Illuminate\Pipeline\{closure}(Object(Illuminate\Http\Request))
#21 C:\xampp\htdocs\repatriation\vendor\laravel\framework\src\Illuminate\Pipeline\Pipeline.php(103): call_user_func(Object(Closure), Object(Illuminate\Http\Request))
#22 C:\xampp\htdocs\repatriation\vendor\laravel\framework\src\Illuminate\Routing\Router.php(710): Illuminate\Pipeline\Pipeline->then(Object(Closure))
#23 C:\xampp\htdocs\repatriation\vendor\laravel\framework\src\Illuminate\Routing\Router.php(675): Illuminate\Routing\Router->runRouteWithinStack(Object(Illuminate\Routing\Route), Object(Illuminate\Http\Request))
#24 C:\xampp\htdocs\repatriation\vendor\laravel\framework\src\Illuminate\Routing\Router.php(635): Illuminate\Routing\Router->dispatchToRoute(Object(Illuminate\Http\Request))
#25 C:\xampp\htdocs\repatriation\vendor\laravel\framework\src\Illuminate\Foundation\Http\Kernel.php(236): Illuminate\Routing\Router->dispatch(Object(Illuminate\Http\Request))
#26 [internal function]: Illuminate\Foundation\Http\Kernel->Illuminate\Foundation\Http\{closure}(Object(Illuminate\Http\Request))
#27 C:\xampp\htdocs\repatriation\vendor\laravel\framework\src\Illuminate\Pipeline\Pipeline.php(139): call_user_func(Object(Closure), Object(Illuminate\Http\Request))
#28 C:\xampp\htdocs\repatriation\vendor\laravel\framework\src\Illuminate\Foundation\Http\Middleware\VerifyCsrfToken.php(50): Illuminate\Pipeline\Pipeline->Illuminate\Pipeline\{closure}(Object(Illuminate\Http\Request))
#29 C:\xampp\htdocs\repatriation\app\Http\Middleware\VerifyCsrfToken.php(17): Illuminate\Foundation\Http\Middleware\VerifyCsrfToken->handle(Object(Illuminate\Http\Request), Object(Closure))
#30 [internal function]: App\Http\Middleware\VerifyCsrfToken->handle(Object(Illuminate\Http\Request), Object(Closure))
#31 C:\xampp\htdocs\repatriation\vendor\laravel\framework\src\Illuminate\Pipeline\Pipeline.php(124): call_user_func_array(Array, Array)
#32 C:\xampp\htdocs\repatriation\vendor\laravel\framework\src\Illuminate\View\Middleware\ShareErrorsFromSession.php(49): Illuminate\Pipeline\Pipeline->Illuminate\Pipeline\{closure}(Object(Illuminate\Http\Request))
#33 [internal function]: Illuminate\View\Middleware\ShareErrorsFromSession->handle(Object(Illuminate\Http\Request), Object(Closure))
#34 C:\xampp\htdocs\repatriation\vendor\laravel\framework\src\Illuminate\Pipeline\Pipeline.php(124): call_user_func_array(Array, Array)
#35 C:\xampp\htdocs\repatriation\vendor\laravel\framework\src\Illuminate\Session\Middleware\StartSession.php(62): Illuminate\Pipeline\Pipeline->Illuminate\Pipeline\{closure}(Object(Illuminate\Http\Request))
#36 [internal function]: Illuminate\Session\Middleware\StartSession->handle(Object(Illuminate\Http\Request), Object(Closure))
#37 C:\xampp\htdocs\repatriation\vendor\laravel\framework\src\Illuminate\Pipeline\Pipeline.php(124): call_user_func_array(Array, Array)
#38 C:\xampp\htdocs\repatriation\vendor\laravel\framework\src\Illuminate\Cookie\Middleware\AddQueuedCookiesToResponse.php(37): Illuminate\Pipeline\Pipeline->Illuminate\Pipeline\{closure}(Object(Illuminate\Http\Request))
#39 [internal function]: Illuminate\Cookie\Middleware\AddQueuedCookiesToResponse->handle(Object(Illuminate\Http\Request), Object(Closure))
#40 C:\xampp\htdocs\repatriation\vendor\laravel\framework\src\Illuminate\Pipeline\Pipeline.php(124): call_user_func_array(Array, Array)
#41 C:\xampp\htdocs\repatriation\vendor\laravel\framework\src\Illuminate\Cookie\Middleware\EncryptCookies.php(59): Illuminate\Pipeline\Pipeline->Illuminate\Pipeline\{closure}(Object(Illuminate\Http\Request))
#42 [internal function]: Illuminate\Cookie\Middleware\EncryptCookies->handle(Object(Illuminate\Http\Request), Object(Closure))
#43 C:\xampp\htdocs\repatriation\vendor\laravel\framework\src\Illuminate\Pipeline\Pipeline.php(124): call_user_func_array(Array, Array)
#44 C:\xampp\htdocs\repatriation\vendor\laravel\framework\src\Illuminate\Foundation\Http\Middleware\CheckForMaintenanceMode.php(44): Illuminate\Pipeline\Pipeline->Illuminate\Pipeline\{closure}(Object(Illuminate\Http\Request))
#45 [internal function]: Illuminate\Foundation\Http\Middleware\CheckForMaintenanceMode->handle(Object(Illuminate\Http\Request), Object(Closure))
#46 C:\xampp\htdocs\repatriation\vendor\laravel\framework\src\Illuminate\Pipeline\Pipeline.php(124): call_user_func_array(Array, Array)
#47 [internal function]: Illuminate\Pipeline\Pipeline->Illuminate\Pipeline\{closure}(Object(Illuminate\Http\Request))
#48 C:\xampp\htdocs\repatriation\vendor\laravel\framework\src\Illuminate\Pipeline\Pipeline.php(103): call_user_func(Object(Closure), Object(Illuminate\Http\Request))
#49 C:\xampp\htdocs\repatriation\vendor\laravel\framework\src\Illuminate\Foundation\Http\Kernel.php(122): Illuminate\Pipeline\Pipeline->then(Object(Closure))
#50 C:\xampp\htdocs\repatriation\vendor\laravel\framework\src\Illuminate\Foundation\Http\Kernel.php(87): Illuminate\Foundation\Http\Kernel->sendRequestThroughRouter(Object(Illuminate\Http\Request))
#51 C:\xampp\htdocs\repatriation\public\index.php(56): Illuminate\Foundation\Http\Kernel->handle(Object(Illuminate\Http\Request))
#52 C:\xampp\htdocs\repatriation\server.php(21): require_once('C:\\xampp\\htdocs...')
#53 {main}  
[2017-11-22 10:43:01] local.ERROR: exception 'Symfony\Component\Debug\Exception\FatalErrorException' with message 'syntax error, unexpected '}'' in C:\xampp\htdocs\repatriation\storage\framework\views\411e1abac3fdc164604b7d1a33891d29:217
Stack trace:
#0 {main}  
