[2015-12-20 10:39:57] local.ERROR: exception 'PDOException' with message 'SQLSTATE[42S01]: Base table or view already exists: 1050 Table 'cares' already exists' in /var/www/iucms-test.mcaconnect.org/public_html/vendor/laravel/framework/src/Illuminate/Database/Connection.php:390
Stack trace:
#0 /var/www/iucms-test.mcaconnect.org/public_html/vendor/laravel/framework/src/Illuminate/Database/Connection.php(390): PDOStatement->execute(Array)
#1 /var/www/iucms-test.mcaconnect.org/public_html/vendor/laravel/framework/src/Illuminate/Database/Connection.php(644): Illuminate\Database\Connection->Illuminate\Database\{closure}(Object(Illuminate\Database\MySqlConnection), 'create table `c...', Array)
#2 /var/www/iucms-test.mcaconnect.org/public_html/vendor/laravel/framework/src/Illuminate/Database/Connection.php(611): Illuminate\Database\Connection->runQueryCallback('create table `c...', Array, Object(Closure))
#3 /var/www/iucms-test.mcaconnect.org/public_html/vendor/laravel/framework/src/Illuminate/Database/Connection.php(391): Illuminate\Database\Connection->run('create table `c...', Array, Object(Closure))
#4 /var/www/iucms-test.mcaconnect.org/public_html/vendor/laravel/framework/src/Illuminate/Database/Schema/Blueprint.php(76): Illuminate\Database\Connection->statement('create table `c...')
#5 /var/www/iucms-test.mcaconnect.org/public_html/vendor/laravel/framework/src/Illuminate/Database/Schema/Builder.php(191): Illuminate\Database\Schema\Blueprint->build(Object(Illuminate\Database\MySqlConnection), Object(Illuminate\Database\Schema\Grammars\MySqlGrammar))
#6 /var/www/iucms-test.mcaconnect.org/public_html/vendor/laravel/framework/src/Illuminate/Database/Schema/Builder.php(134): Illuminate\Database\Schema\Builder->build(Object(Illuminate\Database\Schema\Blueprint))
#7 /var/www/iucms-test.mcaconnect.org/public_html/vendor/laravel/framework/src/Illuminate/Support/Facades/Facade.php(213): Illuminate\Database\Schema\Builder->create('cares', Object(Closure))
#8 /var/www/iucms-test.mcaconnect.org/public_html/database/migrations/2015_09_17_180655_create_cares_table.php(28): Illuminate\Support\Facades\Facade::__callStatic('create', Array)
#9 /var/www/iucms-test.mcaconnect.org/public_html/database/migrations/2015_09_17_180655_create_cares_table.php(28): Illuminate\Support\Facades\Schema::create('cares', Object(Closure))
#10 /var/www/iucms-test.mcaconnect.org/public_html/vendor/laravel/framework/src/Illuminate/Database/Migrations/Migrator.php(135): CreateCaresTable->up()
#11 /var/www/iucms-test.mcaconnect.org/public_html/vendor/laravel/framework/src/Illuminate/Database/Migrations/Migrator.php(112): Illuminate\Database\Migrations\Migrator->runUp('2015_09_17_1806...', 14, false)
#12 /var/www/iucms-test.mcaconnect.org/public_html/vendor/laravel/framework/src/Illuminate/Database/Migrations/Migrator.php(85): Illuminate\Database\Migrations\Migrator->runMigrationList(Array, false)
#13 /var/www/iucms-test.mcaconnect.org/public_html/vendor/laravel/framework/src/Illuminate/Database/Console/Migrations/MigrateCommand.php(74): Illuminate\Database\Migrations\Migrator->run('/var/www/iucms-...', false)
#14 [internal function]: Illuminate\Database\Console\Migrations\MigrateCommand->fire()
#15 /var/www/iucms-test.mcaconnect.org/public_html/vendor/laravel/framework/src/Illuminate/Container/Container.php(503): call_user_func_array(Array, Array)
#16 /var/www/iucms-test.mcaconnect.org/public_html/vendor/laravel/framework/src/Illuminate/Console/Command.php(150): Illuminate\Container\Container->call(Array)
#17 /var/www/iucms-test.mcaconnect.org/public_html/vendor/symfony/console/Command/Command.php(259): Illuminate\Console\Command->execute(Object(Symfony\Component\Console\Input\ArgvInput), Object(Symfony\Component\Console\Output\ConsoleOutput))
#18 /var/www/iucms-test.mcaconnect.org/public_html/vendor/laravel/framework/src/Illuminate/Console/Command.php(136): Symfony\Component\Console\Command\Command->run(Object(Symfony\Component\Console\Input\ArgvInput), Object(Symfony\Component\Console\Output\ConsoleOutput))
#19 /var/www/iucms-test.mcaconnect.org/public_html/vendor/symfony/console/Application.php(878): Illuminate\Console\Command->run(Object(Symfony\Component\Console\Input\ArgvInput), Object(Symfony\Component\Console\Output\ConsoleOutput))
#20 /var/www/iucms-test.mcaconnect.org/public_html/vendor/symfony/console/Application.php(195): Symfony\Component\Console\Application->doRunCommand(Object(Illuminate\Database\Console\Migrations\MigrateCommand), Object(Symfony\Component\Console\Input\ArgvInput), Object(Symfony\Component\Console\Output\ConsoleOutput))
#21 /var/www/iucms-test.mcaconnect.org/public_html/vendor/symfony/console/Application.php(126): Symfony\Component\Console\Application->doRun(Object(Symfony\Component\Console\Input\ArgvInput), Object(Symfony\Component\Console\Output\ConsoleOutput))
#22 /var/www/iucms-test.mcaconnect.org/public_html/vendor/laravel/framework/src/Illuminate/Foundation/Console/Kernel.php(100): Symfony\Component\Console\Application->run(Object(Symfony\Component\Console\Input\ArgvInput), Object(Symfony\Component\Console\Output\ConsoleOutput))
#23 /var/www/iucms-test.mcaconnect.org/public_html/artisan(36): Illuminate\Foundation\Console\Kernel->handle(Object(Symfony\Component\Console\Input\ArgvInput), Object(Symfony\Component\Console\Output\ConsoleOutput))
#24 {main}

Next exception 'Illuminate\Database\QueryException' with message 'SQLSTATE[42S01]: Base table or view already exists: 1050 Table 'cares' already exists (SQL: create table `cares` (`id` int unsigned not null auto_increment primary key, `date` date null, `litigation_id` int null, `treatment_type` int null, `service_id` int null, `user_id` int null, `reference_id` varchar(255) null, `attachment` varchar(255) null, `action_summary` varchar(255) null, `notes` varchar(255) null, `created_at` timestamp default 0 not null, `updated_at` timestamp default 0 not null) default character set utf8 collate utf8_unicode_ci)' in /var/www/iucms-test.mcaconnect.org/public_html/vendor/laravel/framework/src/Illuminate/Database/Connection.php:651
Stack trace:
#0 /var/www/iucms-test.mcaconnect.org/public_html/vendor/laravel/framework/src/Illuminate/Database/Connection.php(611): Illuminate\Database\Connection->runQueryCallback('create table `c...', Array, Object(Closure))
#1 /var/www/iucms-test.mcaconnect.org/public_html/vendor/laravel/framework/src/Illuminate/Database/Connection.php(391): Illuminate\Database\Connection->run('create table `c...', Array, Object(Closure))
#2 /var/www/iucms-test.mcaconnect.org/public_html/vendor/laravel/framework/src/Illuminate/Database/Schema/Blueprint.php(76): Illuminate\Database\Connection->statement('create table `c...')
#3 /var/www/iucms-test.mcaconnect.org/public_html/vendor/laravel/framework/src/Illuminate/Database/Schema/Builder.php(191): Illuminate\Database\Schema\Blueprint->build(Object(Illuminate\Database\MySqlConnection), Object(Illuminate\Database\Schema\Grammars\MySqlGrammar))
#4 /var/www/iucms-test.mcaconnect.org/public_html/vendor/laravel/framework/src/Illuminate/Database/Schema/Builder.php(134): Illuminate\Database\Schema\Builder->build(Object(Illuminate\Database\Schema\Blueprint))
#5 /var/www/iucms-test.mcaconnect.org/public_html/vendor/laravel/framework/src/Illuminate/Support/Facades/Facade.php(213): Illuminate\Database\Schema\Builder->create('cares', Object(Closure))
#6 /var/www/iucms-test.mcaconnect.org/public_html/database/migrations/2015_09_17_180655_create_cares_table.php(28): Illuminate\Support\Facades\Facade::__callStatic('create', Array)
#7 /var/www/iucms-test.mcaconnect.org/public_html/database/migrations/2015_09_17_180655_create_cares_table.php(28): Illuminate\Support\Facades\Schema::create('cares', Object(Closure))
#8 /var/www/iucms-test.mcaconnect.org/public_html/vendor/laravel/framework/src/Illuminate/Database/Migrations/Migrator.php(135): CreateCaresTable->up()
#9 /var/www/iucms-test.mcaconnect.org/public_html/vendor/laravel/framework/src/Illuminate/Database/Migrations/Migrator.php(112): Illuminate\Database\Migrations\Migrator->runUp('2015_09_17_1806...', 14, false)
#10 /var/www/iucms-test.mcaconnect.org/public_html/vendor/laravel/framework/src/Illuminate/Database/Migrations/Migrator.php(85): Illuminate\Database\Migrations\Migrator->runMigrationList(Array, false)
#11 /var/www/iucms-test.mcaconnect.org/public_html/vendor/laravel/framework/src/Illuminate/Database/Console/Migrations/MigrateCommand.php(74): Illuminate\Database\Migrations\Migrator->run('/var/www/iucms-...', false)
#12 [internal function]: Illuminate\Database\Console\Migrations\MigrateCommand->fire()
#13 /var/www/iucms-test.mcaconnect.org/public_html/vendor/laravel/framework/src/Illuminate/Container/Container.php(503): call_user_func_array(Array, Array)
#14 /var/www/iucms-test.mcaconnect.org/public_html/vendor/laravel/framework/src/Illuminate/Console/Command.php(150): Illuminate\Container\Container->call(Array)
#15 /var/www/iucms-test.mcaconnect.org/public_html/vendor/symfony/console/Command/Command.php(259): Illuminate\Console\Command->execute(Object(Symfony\Component\Console\Input\ArgvInput), Object(Symfony\Component\Console\Output\ConsoleOutput))
#16 /var/www/iucms-test.mcaconnect.org/public_html/vendor/laravel/framework/src/Illuminate/Console/Command.php(136): Symfony\Component\Console\Command\Command->run(Object(Symfony\Component\Console\Input\ArgvInput), Object(Symfony\Component\Console\Output\ConsoleOutput))
#17 /var/www/iucms-test.mcaconnect.org/public_html/vendor/symfony/console/Application.php(878): Illuminate\Console\Command->run(Object(Symfony\Component\Console\Input\ArgvInput), Object(Symfony\Component\Console\Output\ConsoleOutput))
#18 /var/www/iucms-test.mcaconnect.org/public_html/vendor/symfony/console/Application.php(195): Symfony\Component\Console\Application->doRunCommand(Object(Illuminate\Database\Console\Migrations\MigrateCommand), Object(Symfony\Component\Console\Input\ArgvInput), Object(Symfony\Component\Console\Output\ConsoleOutput))
#19 /var/www/iucms-test.mcaconnect.org/public_html/vendor/symfony/console/Application.php(126): Symfony\Component\Console\Application->doRun(Object(Symfony\Component\Console\Input\ArgvInput), Object(Symfony\Component\Console\Output\ConsoleOutput))
#20 /var/www/iucms-test.mcaconnect.org/public_html/vendor/laravel/framework/src/Illuminate/Foundation/Console/Kernel.php(100): Symfony\Component\Console\Application->run(Object(Symfony\Component\Console\Input\ArgvInput), Object(Symfony\Component\Console\Output\ConsoleOutput))
#21 /var/www/iucms-test.mcaconnect.org/public_html/artisan(36): Illuminate\Foundation\Console\Kernel->handle(Object(Symfony\Component\Console\Input\ArgvInput), Object(Symfony\Component\Console\Output\ConsoleOutput))
#22 {main}  
